<?xml version="1.0" encoding="UTF-8"?>
<testng-results skipped="0" failed="0" ignored="0" total="1" passed="1">
  <reporter-output>
  </reporter-output>
  <suite name="Suite" duration-ms="46976" started-at="2020-07-11T19:53:04Z" finished-at="2020-07-11T19:53:51Z">
    <groups>
    </groups>
    <test name="Test" duration-ms="46976" started-at="2020-07-11T19:53:04Z" finished-at="2020-07-11T19:53:51Z">
      <class name="MavenSelPackage.flipkartWebsite$flipkartTest">
        <test-method status="PASS" signature="Flipkart()[pri:0, instance:MavenSelPackage.flipkartWebsite$flipkartTest@77ec78b9]" name="Flipkart" duration-ms="46882" started-at="2020-07-11T19:53:04Z" finished-at="2020-07-11T19:53:51Z">
          <reporter-output>
          </reporter-output>
        </test-method> <!-- Flipkart -->
      </class> <!-- MavenSelPackage.flipkartWebsite$flipkartTest -->
    </test> <!-- Test -->
  </suite> <!-- Suite -->
</testng-results>
